<?xml version="1.0" encoding="UTF-8"?>
<!-- Generated by org.testng.reporters.JUnitReportReporter -->
<testsuite skipped="0" hostname="DESKTOP-QVOPM07" name="firstPackage.firstClass" tests="1" failures="0" timestamp="10 Sep 2018 10:58:51 GMT" time="55.923" errors="0">
  <testcase name="firstProgram" time="55.923" classname="firstPackage.firstClass"/>
</testsuite> <!-- firstPackage.firstClass -->
